<?xml version="1.0" encoding="UTF-8"?>
<!-- Generated by org.testng.reporters.JUnitReportReporter -->
<testsuite skipped="0" hostname="Ahmed-Ali" name="test.UserIsAbleToAddACategoryTest" tests="3" failures="0" timestamp="2022-12-05T22:15:09 CST" time="33.185" errors="0">
  <testcase name="userIsAbleToAddCategory" time="6.349" classname="test.UserIsAbleToAddACategoryTest"/>
  <testcase name="userShouldNotAbleToAddDublicateCategory" time="5.634" classname="test.UserIsAbleToAddACategoryTest"/>
  <testcase name="validateIfAllMonthsArePresent" time="21.202" classname="test.UserIsAbleToAddACategoryTest"/>
</testsuite> <!-- test.UserIsAbleToAddACategoryTest -->
